app/build/intermediates/manifest_merge_blame_file/debug/manifest-merger-blame-debug-report.txt
1<?xml version="1.0" encoding="utf-8"?>
2<manifest xmlns:android="http://schemas.android.com/apk/res/android"
3    package="com.aprp19.dicodingsubmission"
4    android:versionCode="1"
5    android:versionName="1.0" >
6
7    <uses-sdk
8        android:minSdkVersion="29"
8-->src\main\AndroidManifest.xml
9        android:targetSdkVersion="33" />
9-->src\main\AndroidManifest.xml
10
11    <permission
11-->[androidx.core:core:1.9.0] AndroidManifest.xml:22:5-24:47
12        android:name="com.aprp19.dicodingsubmission.DYNAMIC_RECEIVER_NOT_EXPORTED_PERMISSION"
12-->[androidx.core:core:1.9.0] AndroidManifest.xml:23:9-81
13        android:protectionLevel="signature" />
13-->[androidx.core:core:1.9.0] AndroidManifest.xml:24:9-44
14
15    <uses-permission android:name="com.aprp19.dicodingsubmission.DYNAMIC_RECEIVER_NOT_EXPORTED_PERMISSION" />
15-->[androidx.core:core:1.9.0] AndroidManifest.xml:26:5-97
15-->[androidx.core:core:1.9.0] AndroidManifest.xml:26:22-94
16
17    <application
17-->src\main\AndroidManifest.xml:5:5-48:19
18        android:allowBackup="true"
18-->src\main\AndroidManifest.xml:6:9-35
19        android:appComponentFactory="androidx.core.app.CoreComponentFactory"
19-->[androidx.core:core:1.9.0] AndroidManifest.xml:28:18-86
20        android:dataExtractionRules="@xml/data_extraction_rules"
20-->src\main\AndroidManifest.xml:7:9-65
21        android:debuggable="true"
22        android:extractNativeLibs="false"
23        android:fullBackupContent="@xml/backup_rules"
23-->src\main\AndroidManifest.xml:8:9-54
24        android:icon="@mipmap/ic_launcher"
24-->src\main\AndroidManifest.xml:9:9-43
25        android:label="@string/app_name"
25-->src\main\AndroidManifest.xml:10:9-41
26        android:roundIcon="@mipmap/ic_launcher_round"
26-->src\main\AndroidManifest.xml:11:9-54
27        android:supportsRtl="true"
27-->src\main\AndroidManifest.xml:12:9-35
28        android:testOnly="true"
29        android:theme="@style/Theme.DicodingSubmission" >
29-->src\main\AndroidManifest.xml:13:9-56
30        <activity
30-->src\main\AndroidManifest.xml:15:9-26:20
31            android:name="com.aprp19.dicodingsubmission.SplashActivity"
31-->src\main\AndroidManifest.xml:16:13-43
32            android:exported="true" >
32-->src\main\AndroidManifest.xml:17:13-36
33            <intent-filter>
33-->src\main\AndroidManifest.xml:18:13-22:29
34                <action android:name="android.intent.action.MAIN" />
34-->src\main\AndroidManifest.xml:19:17-69
34-->src\main\AndroidManifest.xml:19:25-66
35
36                <category android:name="android.intent.category.LAUNCHER" />
36-->src\main\AndroidManifest.xml:21:17-77
36-->src\main\AndroidManifest.xml:21:27-74
37            </intent-filter>
38
39            <meta-data
39-->src\main\AndroidManifest.xml:23:13-25:36
40                android:name="android.app.lib_name"
40-->src\main\AndroidManifest.xml:24:17-52
41                android:value="" />
41-->src\main\AndroidManifest.xml:25:17-33
42        </activity>
43        <activity
43-->src\main\AndroidManifest.xml:27:9-33:20
44            android:name="com.aprp19.dicodingsubmission.AboutActivity"
44-->src\main\AndroidManifest.xml:28:13-42
45            android:exported="false" >
45-->src\main\AndroidManifest.xml:29:13-37
46            <meta-data
46-->src\main\AndroidManifest.xml:23:13-25:36
47                android:name="android.app.lib_name"
47-->src\main\AndroidManifest.xml:24:17-52
48                android:value="" />
48-->src\main\AndroidManifest.xml:25:17-33
49        </activity>
50        <activity
50-->src\main\AndroidManifest.xml:34:9-40:20
51            android:name="com.aprp19.dicodingsubmission.DetailActivity"
51-->src\main\AndroidManifest.xml:35:13-43
52            android:exported="false" >
52-->src\main\AndroidManifest.xml:36:13-37
53            <meta-data
53-->src\main\AndroidManifest.xml:23:13-25:36
54                android:name="android.app.lib_name"
54-->src\main\AndroidManifest.xml:24:17-52
55                android:value="" />
55-->src\main\AndroidManifest.xml:25:17-33
56        </activity>
57        <activity
57-->src\main\AndroidManifest.xml:41:9-47:20
58            android:name="com.aprp19.dicodingsubmission.MainActivity"
58-->src\main\AndroidManifest.xml:42:13-41
59            android:exported="false" >
59-->src\main\AndroidManifest.xml:43:13-37
60            <meta-data
60-->src\main\AndroidManifest.xml:23:13-25:36
61                android:name="android.app.lib_name"
61-->src\main\AndroidManifest.xml:24:17-52
62                android:value="" />
62-->src\main\AndroidManifest.xml:25:17-33
63        </activity>
64
65        <provider
65-->[androidx.emoji2:emoji2:1.2.0] AndroidManifest.xml:24:9-32:20
66            android:name="androidx.startup.InitializationProvider"
66-->[androidx.emoji2:emoji2:1.2.0] AndroidManifest.xml:25:13-67
67            android:authorities="com.aprp19.dicodingsubmission.androidx-startup"
67-->[androidx.emoji2:emoji2:1.2.0] AndroidManifest.xml:26:13-68
68            android:exported="false" >
68-->[androidx.emoji2:emoji2:1.2.0] AndroidManifest.xml:27:13-37
69            <meta-data
69-->[androidx.emoji2:emoji2:1.2.0] AndroidManifest.xml:29:13-31:52
70                android:name="androidx.emoji2.text.EmojiCompatInitializer"
70-->[androidx.emoji2:emoji2:1.2.0] AndroidManifest.xml:30:17-75
71                android:value="androidx.startup" />
71-->[androidx.emoji2:emoji2:1.2.0] AndroidManifest.xml:31:17-49
72            <meta-data
72-->[androidx.lifecycle:lifecycle-process:2.4.1] AndroidManifest.xml:31:13-33:52
73                android:name="androidx.lifecycle.ProcessLifecycleInitializer"
73-->[androidx.lifecycle:lifecycle-process:2.4.1] AndroidManifest.xml:32:17-78
74                android:value="androidx.startup" />
74-->[androidx.lifecycle:lifecycle-process:2.4.1] AndroidManifest.xml:33:17-49
75        </provider>
76    </application>
77
78</manifest>